Arguments: 
  /usr/local/bin/node /usr/local/bin/yarn install

PATH: 
  /opt/homebrew/bin:/opt/homebrew/sbin:/Library/Frameworks/Python.framework/Versions/3.10/bin:/usr/local/bin:/usr/bin:/bin:/usr/sbin:/sbin:/opt/homebrew/bin:/opt/homebrew/sbin:/Library/Frameworks/Python.framework/Versions/3.10/bin

Yarn version: 
  1.22.19

Node version: 
  16.15.1

Platform: 
  darwin arm64

Trace: 
  Error: connect ENETUNREACH 104.16.27.35:443 - Local (0.0.0.0:51942)
      at internalConnect (node:net:953:16)
      at defaultTriggerAsyncIdScope (node:internal/async_hooks:465:18)
      at emitLookup (node:net:1097:9)
      at /usr/local/lib/node_modules/yarn/lib/cli.js:103587:28
      at /usr/local/lib/node_modules/yarn/lib/cli.js:103496:13
      at RawTask.module.exports.RawTask.call (/usr/local/lib/node_modules/yarn/lib/cli.js:79584:19)
      at flush (/usr/local/lib/node_modules/yarn/lib/cli.js:79666:29)
      at processTicksAndRejections (node:internal/process/task_queues:78:11)

npm manifest: 
  {
      "name": "nextjs-nft-marketplace-fcc",
      "version": "0.1.0",
      "private": true,
      "scripts": {
        "lint": "solhint 'contracts/*.sol'",
        "lint:fix": "solhint 'contracts/**/*.sol' --fix",
        "format": "prettier --write .",
        "coverage": "hardhat coverage"
      },
      "devDependencies": {
        "@chainlink/contracts": "^0.4.0",
        "@nomiclabs/hardhat-ethers": "npm:hardhat-deploy-ethers@^0.3.0-beta.13",
        "@nomiclabs/hardhat-etherscan": "^3.0.0",
        "@nomiclabs/hardhat-waffle": "^2.0.1",
        "@openzeppelin/contracts": "^4.5.0",
        "babel-eslint": "^10.1.0",
        "chai": "^4.3.4",
        "dotenv": "^16.0.0",
        "ethereum-waffle": "^3.4.0",
        "ethers": "^5.5.1",
        "hardhat": "^2.9.1",
        "hardhat-contract-sizer": "^2.4.0",
        "hardhat-deploy": "^0.9.29",
        "hardhat-gas-reporter": "^1.0.7",
        "prettier": "^2.5.1",
        "prettier-plugin-solidity": "^1.0.0-beta.19",
        "solhint": "^3.3.6",
        "solidity-coverage": "^0.7.13"
      },
      "mocha": {
     
     
     }
    }

yarn manifest: 
  No manifest

Lockfile: 
  # THIS IS AN AUTOGENERATED FILE. DO NOT EDIT THIS FILE DIRECTLY.
  # yarn lockfile v1
